[debug] [2022-05-25T18:39:20.777Z] ----------------------------------------------------------------------
[debug] [2022-05-25T18:39:20.781Z] Command:       C:\Program Files\nodejs\node.exe C:\Users\Hridoy\AppData\Roaming\npm\node_modules\firebase-tools\lib\bin\firebase.js deploy
[debug] [2022-05-25T18:39:20.782Z] CLI Version:   10.7.2
[debug] [2022-05-25T18:39:20.782Z] Platform:      win32
[debug] [2022-05-25T18:39:20.782Z] Node Version:  v14.17.6
[debug] [2022-05-25T18:39:20.783Z] Time:          Thu May 26 2022 00:39:20 GMT+0600 (Bangladesh Standard Time)
[debug] [2022-05-25T18:39:20.784Z] ----------------------------------------------------------------------
[debug] 
[debug] [2022-05-25T18:39:20.899Z] > command requires scopes: ["email","openid","https://www.googleapis.com/auth/cloudplatformprojects.readonly","https://www.googleapis.com/auth/firebase","https://www.googleapis.com/auth/cloud-platform"]
[debug] [2022-05-25T18:39:20.899Z] > authorizing via signed-in user (nahidujjamanhridoy@gmail.com)
[debug] [2022-05-25T18:39:20.900Z] [iam] checking project toolkit-c3835 for permissions ["firebase.projects.get","firebasehosting.sites.update"]
[debug] [2022-05-25T18:39:20.903Z] >>> [apiv2][query] POST https://cloudresourcemanager.googleapis.com/v1/projects/toolkit-c3835:testIamPermissions [none]
[debug] [2022-05-25T18:39:20.903Z] >>> [apiv2][body] POST https://cloudresourcemanager.googleapis.com/v1/projects/toolkit-c3835:testIamPermissions {"permissions":["firebase.projects.get","firebasehosting.sites.update"]}
[debug] [2022-05-25T18:39:23.284Z] <<< [apiv2][status] POST https://cloudresourcemanager.googleapis.com/v1/projects/toolkit-c3835:testIamPermissions 401
[debug] [2022-05-25T18:39:23.284Z] <<< [apiv2][body] POST https://cloudresourcemanager.googleapis.com/v1/projects/toolkit-c3835:testIamPermissions {"error":{"code":401,"message":"Request had invalid authentication credentials. Expected OAuth 2 access token, login cookie or other valid authentication credential. See https://developers.google.com/identity/sign-in/web/devconsole-project.","status":"UNAUTHENTICATED","details":[{"@type":"type.googleapis.com/google.rpc.ErrorInfo","reason":"ACCESS_TOKEN_TYPE_UNSUPPORTED","metadata":{"method":"google.cloudresourcemanager.v1.Projects.TestIamPermissions","service":"cloudresourcemanager.googleapis.com"}}]}}
[debug] [2022-05-25T18:39:23.286Z] [iam] error while checking permissions, command may fail: FirebaseError: HTTP Error: 401, Request had invalid authentication credentials. Expected OAuth 2 access token, login cookie or other valid authentication credential. See https://developers.google.com/identity/sign-in/web/devconsole-project.
[debug] [2022-05-25T18:39:23.289Z] >>> [apiv2][query] GET https://firebase.googleapis.com/v1beta1/projects/toolkit-c3835 [none]
[debug] [2022-05-25T18:39:23.700Z] <<< [apiv2][status] GET https://firebase.googleapis.com/v1beta1/projects/toolkit-c3835 401
[debug] [2022-05-25T18:39:23.701Z] <<< [apiv2][body] GET https://firebase.googleapis.com/v1beta1/projects/toolkit-c3835 {"error":{"code":401,"message":"Request had invalid authentication credentials. Expected OAuth 2 access token, login cookie or other valid authentication credential. See https://developers.google.com/identity/sign-in/web/devconsole-project.","status":"UNAUTHENTICATED"}}
[debug] [2022-05-25T18:39:23.702Z] HTTP Error: 401, Request had invalid authentication credentials. Expected OAuth 2 access token, login cookie or other valid authentication credential. See https://developers.google.com/identity/sign-in/web/devconsole-project.
[debug] [2022-05-25T18:39:23.994Z] FirebaseError: HTTP Error: 401, Request had invalid authentication credentials. Expected OAuth 2 access token, login cookie or other valid authentication credential. See https://developers.google.com/identity/sign-in/web/devconsole-project.
    at module.exports (C:\Users\Hridoy\AppData\Roaming\npm\node_modules\firebase-tools\lib\responseToError.js:47:12)
    at RetryOperation._fn (C:\Users\Hridoy\AppData\Roaming\npm\node_modules\firebase-tools\lib\apiv2.js:286:39)
    at processTicksAndRejections (internal/process/task_queues.js:95:5)
[error] 
[error] Error: Failed to get Firebase project toolkit-c3835. Please make sure the project exists and your account has permission to access it.
